[0m22:35:50.123352 [debug] [MainThread]: Sending event: {'category': 'dbt', 'action': 'invocation', 'label': 'start', 'context': [<snowplow_tracker.self_describing_json.SelfDescribingJson object at 0x1036ceb40>, <snowplow_tracker.self_describing_json.SelfDescribingJson object at 0x104649cd0>, <snowplow_tracker.self_describing_json.SelfDescribingJson object at 0x1046499d0>]}


============================== 22:35:50.125844 | 3eb88080-6a80-422c-92ce-69e3c3c0c876 ==============================
[0m22:35:50.125844 [info ] [MainThread]: Running with dbt=1.8.2
[0m22:35:50.126153 [debug] [MainThread]: running dbt with arguments {'printer_width': '80', 'indirect_selection': 'eager', 'write_json': 'True', 'log_cache_events': 'False', 'partial_parse': 'True', 'cache_selected_only': 'False', 'profiles_dir': '/Users/dtan/.dbt', 'debug': 'False', 'fail_fast': 'False', 'log_path': 'logs', 'version_check': 'True', 'warn_error': 'None', 'use_colors': 'True', 'use_experimental_parser': 'False', 'no_print': 'None', 'quiet': 'False', 'warn_error_options': 'WarnErrorOptions(include=[], exclude=[])', 'invocation_command': 'dbt init', 'log_format': 'default', 'introspect': 'True', 'target_path': 'None', 'static_parser': 'True', 'send_anonymous_usage_stats': 'True'}
[0m22:36:37.514009 [debug] [MainThread]: Starter project path: /Library/Frameworks/Python.framework/Versions/3.12/lib/python3.12/site-packages/dbt/include/starter_project
[0m22:36:37.524008 [info ] [MainThread]: 
Your new dbt project "worldbank" was created!

For more information on how to configure the profiles.yml file,
please consult the dbt documentation here:

  https://docs.getdbt.com/docs/configure-your-profile

One more thing:

Need help? Don't hesitate to reach out to us via GitHub issues or on Slack:

  https://community.getdbt.com/

Happy modeling!

[0m22:36:37.524560 [info ] [MainThread]: Setting up your profile.
[0m22:38:16.065344 [info ] [MainThread]: Profile worldbank written to /Users/dtan/.dbt/profiles.yml using target's profile_template.yml and your supplied values. Run 'dbt debug' to validate the connection.
[0m22:38:16.069156 [debug] [MainThread]: Resource report: {"command_name": "init", "command_success": true, "command_wall_clock_time": 145.97485, "process_user_time": 0.574922, "process_kernel_time": 0.10235, "process_mem_max_rss": "101203968", "process_in_blocks": "0", "process_out_blocks": "0"}
[0m22:38:16.069900 [debug] [MainThread]: Command `dbt init` succeeded at 22:38:16.069761 after 145.98 seconds
[0m22:38:16.070397 [debug] [MainThread]: Sending event: {'category': 'dbt', 'action': 'invocation', 'label': 'end', 'context': [<snowplow_tracker.self_describing_json.SelfDescribingJson object at 0x1046b86e0>, <snowplow_tracker.self_describing_json.SelfDescribingJson object at 0x10466cc50>, <snowplow_tracker.self_describing_json.SelfDescribingJson object at 0x1042193a0>]}
[0m22:38:16.070993 [debug] [MainThread]: Flushing usage events
[0m22:38:30.970820 [debug] [MainThread]: Sending event: {'category': 'dbt', 'action': 'invocation', 'label': 'start', 'context': [<snowplow_tracker.self_describing_json.SelfDescribingJson object at 0x110155730>, <snowplow_tracker.self_describing_json.SelfDescribingJson object at 0x1105b1d90>, <snowplow_tracker.self_describing_json.SelfDescribingJson object at 0x1105b1ac0>]}


============================== 22:38:30.972683 | 7d907b16-e621-4b8f-b1ba-75a516ff8447 ==============================
[0m22:38:30.972683 [info ] [MainThread]: Running with dbt=1.8.2
[0m22:38:30.973008 [debug] [MainThread]: running dbt with arguments {'printer_width': '80', 'indirect_selection': 'eager', 'log_cache_events': 'False', 'write_json': 'True', 'partial_parse': 'True', 'cache_selected_only': 'False', 'warn_error': 'None', 'version_check': 'True', 'debug': 'False', 'log_path': 'logs', 'profiles_dir': '/Users/dtan/.dbt', 'fail_fast': 'False', 'use_colors': 'True', 'use_experimental_parser': 'False', 'no_print': 'None', 'quiet': 'False', 'warn_error_options': 'WarnErrorOptions(include=[], exclude=[])', 'introspect': 'True', 'static_parser': 'True', 'log_format': 'default', 'target_path': 'None', 'invocation_command': 'dbt debug', 'send_anonymous_usage_stats': 'True'}
[0m22:38:30.977182 [info ] [MainThread]: dbt version: 1.8.2
[0m22:38:30.977358 [info ] [MainThread]: python version: 3.12.0
[0m22:38:30.977731 [info ] [MainThread]: python path: /Library/Frameworks/Python.framework/Versions/3.12/bin/python3.12
[0m22:38:30.977902 [info ] [MainThread]: os info: macOS-14.4.1-arm64-arm-64bit
[0m22:38:31.003355 [info ] [MainThread]: Using profiles dir at /Users/dtan/.dbt
[0m22:38:31.003638 [info ] [MainThread]: Using profiles.yml file at /Users/dtan/.dbt/profiles.yml
[0m22:38:31.003847 [info ] [MainThread]: Using dbt_project.yml file at /Users/dtan/Desktop/skutopia-dt/worldbank-dbt/dbt_project.yml
[0m22:38:31.004053 [error] [MainThread]: Encountered an error:
Internal Error
  Profile should not be None if loading profile completed
[0m22:38:31.004857 [debug] [MainThread]: Resource report: {"command_name": "debug", "command_wall_clock_time": 0.061360084, "process_user_time": 0.560141, "process_kernel_time": 0.075445, "process_mem_max_rss": "99893248", "command_success": false, "process_in_blocks": "0", "process_out_blocks": "0"}
[0m22:38:31.005219 [debug] [MainThread]: Command `dbt debug` failed at 22:38:31.005162 after 0.06 seconds
[0m22:38:31.005429 [debug] [MainThread]: Sending event: {'category': 'dbt', 'action': 'invocation', 'label': 'end', 'context': [<snowplow_tracker.self_describing_json.SelfDescribingJson object at 0x1105b1d60>, <snowplow_tracker.self_describing_json.SelfDescribingJson object at 0x1079b5670>, <snowplow_tracker.self_describing_json.SelfDescribingJson object at 0x110684dd0>]}
[0m22:38:31.005625 [debug] [MainThread]: Flushing usage events
